Traceback (most recent call last):
  File "/home/inma/anaconda3/lib/python3.8/site-packages/jupyter_cache/executors/utils.py", line 51, in single_nb_execution
    executenb(
  File "/home/inma/anaconda3/lib/python3.8/site-packages/nbclient/client.py", line 1087, in execute
    return NotebookClient(nb=nb, resources=resources, km=km, **kwargs).execute()
  File "/home/inma/anaconda3/lib/python3.8/site-packages/nbclient/util.py", line 74, in wrapped
    return just_run(coro(*args, **kwargs))
  File "/home/inma/anaconda3/lib/python3.8/site-packages/nbclient/util.py", line 53, in just_run
    return loop.run_until_complete(coro)
  File "/home/inma/anaconda3/lib/python3.8/asyncio/base_events.py", line 616, in run_until_complete
    return future.result()
  File "/home/inma/anaconda3/lib/python3.8/site-packages/nbclient/client.py", line 540, in async_execute
    await self.async_execute_cell(
  File "/home/inma/anaconda3/lib/python3.8/site-packages/nbclient/client.py", line 832, in async_execute_cell
    self._check_raise_for_error(cell, exec_reply)
  File "/home/inma/anaconda3/lib/python3.8/site-packages/nbclient/client.py", line 740, in _check_raise_for_error
    raise CellExecutionError.from_cell_and_msg(cell, exec_reply['content'])
nbclient.exceptions.CellExecutionError: An error occurred while executing the following cell:
------------------
import pandas as pd 
data = pd.read_csv('/home/inma/HH_intro_git_ds/Melbourne_housing_FULL.csv')
%run -i fundamentos_datos_variables.py
data_duplicados=eliminar_duplicados(data)
print("El número de datos duplicados eliminados es", ((len(data))-(len(data_duplicados))))
------------------

[0;31m---------------------------------------------------------------------------[0m
[0;31mStdinNotImplementedError[0m                  Traceback (most recent call last)
[0;32m~/HH_intro_git_ds/practicaFundamentosAD/fundamentos_datos_variables.py[0m in [0;36m<module>[0;34m[0m
[1;32m      2[0m [0mdata[0m [0;34m=[0m [0mpd[0m[0;34m.[0m[0mread_csv[0m[0;34m([0m[0;34m'/home/inma/HH_intro_git_ds/Melbourne_housing_FULL.csv'[0m[0;34m)[0m[0;34m[0m[0;34m[0m[0m
[1;32m      3[0m [0mget_ipython[0m[0;34m([0m[0;34m)[0m[0;34m.[0m[0mrun_line_magic[0m[0;34m([0m[0;34m'run'[0m[0;34m,[0m [0;34m'-i fundamentos_datos_variables.py'[0m[0;34m)[0m[0;34m[0m[0;34m[0m[0m
[0;32m----> 4[0;31m [0mdata_duplicados[0m[0;34m=[0m[0meliminar_duplicados[0m[0;34m([0m[0mdata[0m[0;34m)[0m[0;34m[0m[0;34m[0m[0m
[0m[1;32m      5[0m [0mprint[0m[0;34m([0m[0;34m"El número de datos duplicados eliminados es"[0m[0;34m,[0m [0;34m([0m[0;34m([0m[0mlen[0m[0;34m([0m[0mdata[0m[0;34m)[0m[0;34m)[0m[0;34m-[0m[0;34m([0m[0mlen[0m[0;34m([0m[0mdata_duplicados[0m[0;34m)[0m[0;34m)[0m[0;34m)[0m[0;34m)[0m[0;34m[0m[0;34m[0m[0m

[0;32m~/HH_intro_git_ds/practicaFundamentosAD/fundamentos_datos_variables.py[0m in [0;36meliminar_duplicados[0;34m(dataframe_bueno)[0m
[1;32m    121[0m [0;32mdef[0m [0meliminar_duplicados[0m[0;34m([0m[0mdataframe_bueno[0m[0;34m)[0m[0;34m:[0m[0;34m[0m[0;34m[0m[0m
[1;32m    122[0m     [0;32mimport[0m [0mpdb[0m[0;34m;[0m[0mpdb[0m[0;34m.[0m[0mset_trace[0m[0;34m([0m[0;34m)[0m[0;34m[0m[0;34m[0m[0m
[0;32m--> 123[0;31m     [0mduplicateRowsDF[0m[0;34m=[0m[0mpd[0m[0;34m.[0m[0mDataFrame[0m[0;34m([0m[0;34m)[0m[0;34m[0m[0;34m[0m[0m
[0m[1;32m    124[0m     [0mduplicateRowsDF[0m [0;34m=[0m [0mdataframe_bueno[0m[0;34m[[0m[0mdataframe_bueno[0m[0;34m.[0m[0mduplicated[0m[0;34m([0m[0;34m[[0m[0;34m'Suburb'[0m[0;34m,[0m [0;34m'Address'[0m[0;34m,[0m[0;34m'Postcode'[0m[0;34m,[0m[0;34m'CouncilArea'[0m[0;34m,[0m[0;34m][0m[0;34m,[0m[0mkeep[0m[0;34m=[0m[0;32mFalse[0m[0;34m)[0m[0;34m][0m[0;34m[0m[0;34m[0m[0m
[1;32m    125[0m     [0mduplicateRowsDF[0m[0;34m=[0m[0mduplicateRowsDF[0m[0;34m.[0m[0mdrop_duplicates[0m[0;34m([0m[0msubset[0m[0;34m=[0m[0;34m[[0m[0;34m'Address'[0m[0;34m,[0m[0;34m'Price'[0m[0;34m,[0m[0;34m'Date'[0m[0;34m][0m[0;34m)[0m[0;34m[0m[0;34m[0m[0m

[0;32m~/HH_intro_git_ds/practicaFundamentosAD/fundamentos_datos_variables.py[0m in [0;36meliminar_duplicados[0;34m(dataframe_bueno)[0m
[1;32m    121[0m [0;32mdef[0m [0meliminar_duplicados[0m[0;34m([0m[0mdataframe_bueno[0m[0;34m)[0m[0;34m:[0m[0;34m[0m[0;34m[0m[0m
[1;32m    122[0m     [0;32mimport[0m [0mpdb[0m[0;34m;[0m[0mpdb[0m[0;34m.[0m[0mset_trace[0m[0;34m([0m[0;34m)[0m[0;34m[0m[0;34m[0m[0m
[0;32m--> 123[0;31m     [0mduplicateRowsDF[0m[0;34m=[0m[0mpd[0m[0;34m.[0m[0mDataFrame[0m[0;34m([0m[0;34m)[0m[0;34m[0m[0;34m[0m[0m
[0m[1;32m    124[0m     [0mduplicateRowsDF[0m [0;34m=[0m [0mdataframe_bueno[0m[0;34m[[0m[0mdataframe_bueno[0m[0;34m.[0m[0mduplicated[0m[0;34m([0m[0;34m[[0m[0;34m'Suburb'[0m[0;34m,[0m [0;34m'Address'[0m[0;34m,[0m[0;34m'Postcode'[0m[0;34m,[0m[0;34m'CouncilArea'[0m[0;34m,[0m[0;34m][0m[0;34m,[0m[0mkeep[0m[0;34m=[0m[0;32mFalse[0m[0;34m)[0m[0;34m][0m[0;34m[0m[0;34m[0m[0m
[1;32m    125[0m     [0mduplicateRowsDF[0m[0;34m=[0m[0mduplicateRowsDF[0m[0;34m.[0m[0mdrop_duplicates[0m[0;34m([0m[0msubset[0m[0;34m=[0m[0;34m[[0m[0;34m'Address'[0m[0;34m,[0m[0;34m'Price'[0m[0;34m,[0m[0;34m'Date'[0m[0;34m][0m[0;34m)[0m[0;34m[0m[0;34m[0m[0m

[0;32m~/anaconda3/lib/python3.8/bdb.py[0m in [0;36mtrace_dispatch[0;34m(self, frame, event, arg)[0m
[1;32m     86[0m             [0;32mreturn[0m [0;31m# None[0m[0;34m[0m[0;34m[0m[0m
[1;32m     87[0m         [0;32mif[0m [0mevent[0m [0;34m==[0m [0;34m'line'[0m[0;34m:[0m[0;34m[0m[0;34m[0m[0m
[0;32m---> 88[0;31m             [0;32mreturn[0m [0mself[0m[0;34m.[0m[0mdispatch_line[0m[0;34m([0m[0mframe[0m[0;34m)[0m[0;34m[0m[0;34m[0m[0m
[0m[1;32m     89[0m         [0;32mif[0m [0mevent[0m [0;34m==[0m [0;34m'call'[0m[0;34m:[0m[0;34m[0m[0;34m[0m[0m
[1;32m     90[0m             [0;32mreturn[0m [0mself[0m[0;34m.[0m[0mdispatch_call[0m[0;34m([0m[0mframe[0m[0;34m,[0m [0marg[0m[0;34m)[0m[0;34m[0m[0;34m[0m[0m

[0;32m~/anaconda3/lib/python3.8/bdb.py[0m in [0;36mdispatch_line[0;34m(self, frame)[0m
[1;32m    110[0m         """
[1;32m    111[0m         [0;32mif[0m [0mself[0m[0;34m.[0m[0mstop_here[0m[0;34m([0m[0mframe[0m[0;34m)[0m [0;32mor[0m [0mself[0m[0;34m.[0m[0mbreak_here[0m[0;34m([0m[0mframe[0m[0;34m)[0m[0;34m:[0m[0;34m[0m[0;34m[0m[0m
[0;32m--> 112[0;31m             [0mself[0m[0;34m.[0m[0muser_line[0m[0;34m([0m[0mframe[0m[0;34m)[0m[0;34m[0m[0;34m[0m[0m
[0m[1;32m    113[0m             [0;32mif[0m [0mself[0m[0;34m.[0m[0mquitting[0m[0;34m:[0m [0;32mraise[0m [0mBdbQuit[0m[0;34m[0m[0;34m[0m[0m
[1;32m    114[0m         [0;32mreturn[0m [0mself[0m[0;34m.[0m[0mtrace_dispatch[0m[0;34m[0m[0;34m[0m[0m

[0;32m~/anaconda3/lib/python3.8/pdb.py[0m in [0;36muser_line[0;34m(self, frame)[0m
[1;32m    259[0m             [0mself[0m[0;34m.[0m[0m_wait_for_mainpyfile[0m [0;34m=[0m [0;32mFalse[0m[0;34m[0m[0;34m[0m[0m
[1;32m    260[0m         [0;32mif[0m [0mself[0m[0;34m.[0m[0mbp_commands[0m[0;34m([0m[0mframe[0m[0;34m)[0m[0;34m:[0m[0;34m[0m[0;34m[0m[0m
[0;32m--> 261[0;31m             [0mself[0m[0;34m.[0m[0minteraction[0m[0;34m([0m[0mframe[0m[0;34m,[0m [0;32mNone[0m[0;34m)[0m[0;34m[0m[0;34m[0m[0m
[0m[1;32m    262[0m [0;34m[0m[0m
[1;32m    263[0m     [0;32mdef[0m [0mbp_commands[0m[0;34m([0m[0mself[0m[0;34m,[0m [0mframe[0m[0;34m)[0m[0;34m:[0m[0;34m[0m[0;34m[0m[0m

[0;32m~/anaconda3/lib/python3.8/site-packages/IPython/core/debugger.py[0m in [0;36minteraction[0;34m(self, frame, traceback)[0m
[1;32m    303[0m     [0;32mdef[0m [0minteraction[0m[0;34m([0m[0mself[0m[0;34m,[0m [0mframe[0m[0;34m,[0m [0mtraceback[0m[0;34m)[0m[0;34m:[0m[0;34m[0m[0;34m[0m[0m
[1;32m    304[0m         [0;32mtry[0m[0;34m:[0m[0;34m[0m[0;34m[0m[0m
[0;32m--> 305[0;31m             [0mOldPdb[0m[0;34m.[0m[0minteraction[0m[0;34m([0m[0mself[0m[0;34m,[0m [0mframe[0m[0;34m,[0m [0mtraceback[0m[0;34m)[0m[0;34m[0m[0;34m[0m[0m
[0m[1;32m    306[0m         [0;32mexcept[0m [0mKeyboardInterrupt[0m[0;34m:[0m[0;34m[0m[0;34m[0m[0m
[1;32m    307[0m             [0mself[0m[0;34m.[0m[0mstdout[0m[0;34m.[0m[0mwrite[0m[0;34m([0m[0;34m"\n"[0m [0;34m+[0m [0mself[0m[0;34m.[0m[0mshell[0m[0;34m.[0m[0mget_exception_only[0m[0;34m([0m[0;34m)[0m[0;34m)[0m[0;34m[0m[0;34m[0m[0m

[0;32m~/anaconda3/lib/python3.8/pdb.py[0m in [0;36minteraction[0;34m(self, frame, traceback)[0m
[1;32m    354[0m             [0;32mreturn[0m[0;34m[0m[0;34m[0m[0m
[1;32m    355[0m         [0mself[0m[0;34m.[0m[0mprint_stack_entry[0m[0;34m([0m[0mself[0m[0;34m.[0m[0mstack[0m[0;34m[[0m[0mself[0m[0;34m.[0m[0mcurindex[0m[0;34m][0m[0;34m)[0m[0;34m[0m[0;34m[0m[0m
[0;32m--> 356[0;31m         [0mself[0m[0;34m.[0m[0m_cmdloop[0m[0;34m([0m[0;34m)[0m[0;34m[0m[0;34m[0m[0m
[0m[1;32m    357[0m         [0mself[0m[0;34m.[0m[0mforget[0m[0;34m([0m[0;34m)[0m[0;34m[0m[0;34m[0m[0m
[1;32m    358[0m [0;34m[0m[0m

[0;32m~/anaconda3/lib/python3.8/site-packages/IPython/core/debugger.py[0m in [0;36m_cmdloop[0;34m(self)[0m
[1;32m    788[0m                 [0;31m# the current command, so allow them during interactive input[0m[0;34m[0m[0;34m[0m[0;34m[0m[0m
[1;32m    789[0m                 [0mself[0m[0;34m.[0m[0mallow_kbdint[0m [0;34m=[0m [0;32mTrue[0m[0;34m[0m[0;34m[0m[0m
[0;32m--> 790[0;31m                 [0mself[0m[0;34m.[0m[0mcmdloop[0m[0;34m([0m[0;34m)[0m[0;34m[0m[0;34m[0m[0m
[0m[1;32m    791[0m                 [0mself[0m[0;34m.[0m[0mallow_kbdint[0m [0;34m=[0m [0;32mFalse[0m[0;34m[0m[0;34m[0m[0m
[1;32m    792[0m                 [0;32mbreak[0m[0;34m[0m[0;34m[0m[0m

[0;32m~/anaconda3/lib/python3.8/site-packages/IPython/core/debugger.py[0m in [0;36mcmdloop[0;34m(self)[0m
[1;32m    774[0m         [0;34m"""Wrap cmdloop() such that KeyboardInterrupt stops the debugger."""[0m[0;34m[0m[0;34m[0m[0m
[1;32m    775[0m         [0;32mtry[0m[0;34m:[0m[0;34m[0m[0;34m[0m[0m
[0;32m--> 776[0;31m             [0;32mreturn[0m [0mOldPdb[0m[0;34m.[0m[0mcmdloop[0m[0;34m([0m[0mself[0m[0;34m)[0m[0;34m[0m[0;34m[0m[0m
[0m[1;32m    777[0m         [0;32mexcept[0m [0mKeyboardInterrupt[0m[0;34m:[0m[0;34m[0m[0;34m[0m[0m
[1;32m    778[0m             [0mself[0m[0;34m.[0m[0mstop_here[0m [0;34m=[0m [0;32mlambda[0m [0mframe[0m[0;34m:[0m [0;32mFalse[0m[0;34m[0m[0;34m[0m[0m

[0;32m~/anaconda3/lib/python3.8/cmd.py[0m in [0;36mcmdloop[0;34m(self, intro)[0m
[1;32m    124[0m                     [0;32mif[0m [0mself[0m[0;34m.[0m[0muse_rawinput[0m[0;34m:[0m[0;34m[0m[0;34m[0m[0m
[1;32m    125[0m                         [0;32mtry[0m[0;34m:[0m[0;34m[0m[0;34m[0m[0m
[0;32m--> 126[0;31m                             [0mline[0m [0;34m=[0m [0minput[0m[0;34m([0m[0mself[0m[0;34m.[0m[0mprompt[0m[0;34m)[0m[0;34m[0m[0;34m[0m[0m
[0m[1;32m    127[0m                         [0;32mexcept[0m [0mEOFError[0m[0;34m:[0m[0;34m[0m[0;34m[0m[0m
[1;32m    128[0m                             [0mline[0m [0;34m=[0m [0;34m'EOF'[0m[0;34m[0m[0;34m[0m[0m

[0;32m~/anaconda3/lib/python3.8/site-packages/ipykernel/kernelbase.py[0m in [0;36mraw_input[0;34m(self, prompt)[0m
[1;32m    855[0m         """
[1;32m    856[0m         [0;32mif[0m [0;32mnot[0m [0mself[0m[0;34m.[0m[0m_allow_stdin[0m[0;34m:[0m[0;34m[0m[0;34m[0m[0m
[0;32m--> 857[0;31m             raise StdinNotImplementedError(
[0m[1;32m    858[0m                 [0;34m"raw_input was called, but this frontend does not support input requests."[0m[0;34m[0m[0;34m[0m[0m
[1;32m    859[0m             )

[0;31mStdinNotImplementedError[0m: raw_input was called, but this frontend does not support input requests.
StdinNotImplementedError: raw_input was called, but this frontend does not support input requests.

