Traceback (most recent call last):
  File "/home/ruben/anaconda3/lib/python3.7/site-packages/jupyter_cache/executors/utils.py", line 56, in single_nb_execution
    record_timing=False,
  File "/home/ruben/anaconda3/lib/python3.7/site-packages/nbclient/client.py", line 1082, in execute
    return NotebookClient(nb=nb, resources=resources, km=km, **kwargs).execute()
  File "/home/ruben/anaconda3/lib/python3.7/site-packages/nbclient/util.py", line 74, in wrapped
    return just_run(coro(*args, **kwargs))
  File "/home/ruben/anaconda3/lib/python3.7/site-packages/nbclient/util.py", line 53, in just_run
    return loop.run_until_complete(coro)
  File "/home/ruben/anaconda3/lib/python3.7/asyncio/base_events.py", line 587, in run_until_complete
    return future.result()
  File "/home/ruben/anaconda3/lib/python3.7/site-packages/nbclient/client.py", line 536, in async_execute
    cell, index, execution_count=self.code_cells_executed + 1
  File "/home/ruben/anaconda3/lib/python3.7/site-packages/nbclient/client.py", line 827, in async_execute_cell
    self._check_raise_for_error(cell, exec_reply)
  File "/home/ruben/anaconda3/lib/python3.7/site-packages/nbclient/client.py", line 735, in _check_raise_for_error
    raise CellExecutionError.from_cell_and_msg(cell, exec_reply['content'])
nbclient.exceptions.CellExecutionError: An error occurred while executing the following cell:
------------------
import pandas as pd 
dataframe = pd.read_csv('Variables_Cuantitativas_v2.csv')

%run -i Seleccion_Variables.py

lista_parametros=['Rooms','Distancia_NEW','Distance', 'Bathroom', 'Car', 'Lattitude', 'Longtitude', 'Landsize', 'Propertycount']

X=dataframe[lista_parametros]
y=dataframe['Price']

X=np.nan_to_num(X)
y=np.nan_to_num(y)
lasso_prueba(X,y,lista_parametros)


------------------

[0;31m---------------------------------------------------------------------------[0m
[0;31mStdinNotImplementedError[0m                  Traceback (most recent call last)
[0;32m~/tmp/HH_intro_git_ds/practicaFundamentosAD/Seleccion_Variables.py[0m in [0;36m<module>[0;34m[0m
[1;32m     11[0m [0mX[0m[0;34m=[0m[0mnp[0m[0;34m.[0m[0mnan_to_num[0m[0;34m([0m[0mX[0m[0;34m)[0m[0;34m[0m[0;34m[0m[0m
[1;32m     12[0m [0my[0m[0;34m=[0m[0mnp[0m[0;34m.[0m[0mnan_to_num[0m[0;34m([0m[0my[0m[0;34m)[0m[0;34m[0m[0;34m[0m[0m
[0;32m---> 13[0;31m [0mlasso_prueba[0m[0;34m([0m[0mX[0m[0;34m,[0m[0my[0m[0;34m,[0m[0mlista_parametros[0m[0;34m)[0m[0;34m[0m[0;34m[0m[0m
[0m[1;32m     14[0m [0;34m[0m[0m

[0;32m~/tmp/HH_intro_git_ds/practicaFundamentosAD/Seleccion_Variables.py[0m in [0;36mlasso_prueba[0;34m(X, y, lista_parametros)[0m
[1;32m     67[0m     [0;32mfor[0m [0mindex[0m[0;34m,[0m[0mi[0m [0;32min[0m [0menumerate[0m[0;34m([0m[0mcoeficientes[0m[0;34m)[0m[0;34m:[0m[0;34m[0m[0;34m[0m[0m
[1;32m     68[0m         [0;32mimport[0m [0mpdb[0m[0;34m;[0m[0mpdb[0m[0;34m.[0m[0mset_trace[0m[0;34m([0m[0;34m)[0m[0;34m[0m[0;34m[0m[0m
[0;32m---> 69[0;31m         [0;32mif[0m[0;34m([0m[0mround[0m[0;34m([0m[0mi[0m[0;34m,[0m[0;36m1[0m[0;34m)[0m[0;34m==[0m[0;36m0[0m[0;34m)[0m[0;34m:[0m[0;34m[0m[0;34m[0m[0m
[0m[1;32m     70[0m             [0mprint[0m[0;34m([0m[0;34m'hay que borrar el parametro: '[0m[0;34m+[0m[0mstr[0m[0;34m([0m[0mlista_parametros[0m[0;34m[[0m[0mindex[0m[0;34m][0m[0;34m)[0m [0;34m)[0m[0;34m[0m[0;34m[0m[0m
[1;32m     71[0m             [0mlista_parametros[0m[0;34m.[0m[0mpop[0m[0;34m([0m[0mindex[0m[0;34m)[0m[0;34m[0m[0;34m[0m[0m

[0;32m~/tmp/HH_intro_git_ds/practicaFundamentosAD/Seleccion_Variables.py[0m in [0;36mlasso_prueba[0;34m(X, y, lista_parametros)[0m
[1;32m     67[0m     [0;32mfor[0m [0mindex[0m[0;34m,[0m[0mi[0m [0;32min[0m [0menumerate[0m[0;34m([0m[0mcoeficientes[0m[0;34m)[0m[0;34m:[0m[0;34m[0m[0;34m[0m[0m
[1;32m     68[0m         [0;32mimport[0m [0mpdb[0m[0;34m;[0m[0mpdb[0m[0;34m.[0m[0mset_trace[0m[0;34m([0m[0;34m)[0m[0;34m[0m[0;34m[0m[0m
[0;32m---> 69[0;31m         [0;32mif[0m[0;34m([0m[0mround[0m[0;34m([0m[0mi[0m[0;34m,[0m[0;36m1[0m[0;34m)[0m[0;34m==[0m[0;36m0[0m[0;34m)[0m[0;34m:[0m[0;34m[0m[0;34m[0m[0m
[0m[1;32m     70[0m             [0mprint[0m[0;34m([0m[0;34m'hay que borrar el parametro: '[0m[0;34m+[0m[0mstr[0m[0;34m([0m[0mlista_parametros[0m[0;34m[[0m[0mindex[0m[0;34m][0m[0;34m)[0m [0;34m)[0m[0;34m[0m[0;34m[0m[0m
[1;32m     71[0m             [0mlista_parametros[0m[0;34m.[0m[0mpop[0m[0;34m([0m[0mindex[0m[0;34m)[0m[0;34m[0m[0;34m[0m[0m

[0;32m~/anaconda3/lib/python3.7/bdb.py[0m in [0;36mtrace_dispatch[0;34m(self, frame, event, arg)[0m
[1;32m     86[0m             [0;32mreturn[0m [0;31m# None[0m[0;34m[0m[0;34m[0m[0m
[1;32m     87[0m         [0;32mif[0m [0mevent[0m [0;34m==[0m [0;34m'line'[0m[0;34m:[0m[0;34m[0m[0;34m[0m[0m
[0;32m---> 88[0;31m             [0;32mreturn[0m [0mself[0m[0;34m.[0m[0mdispatch_line[0m[0;34m([0m[0mframe[0m[0;34m)[0m[0;34m[0m[0;34m[0m[0m
[0m[1;32m     89[0m         [0;32mif[0m [0mevent[0m [0;34m==[0m [0;34m'call'[0m[0;34m:[0m[0;34m[0m[0;34m[0m[0m
[1;32m     90[0m             [0;32mreturn[0m [0mself[0m[0;34m.[0m[0mdispatch_call[0m[0;34m([0m[0mframe[0m[0;34m,[0m [0marg[0m[0;34m)[0m[0;34m[0m[0;34m[0m[0m

[0;32m~/anaconda3/lib/python3.7/bdb.py[0m in [0;36mdispatch_line[0;34m(self, frame)[0m
[1;32m    110[0m         """
[1;32m    111[0m         [0;32mif[0m [0mself[0m[0;34m.[0m[0mstop_here[0m[0;34m([0m[0mframe[0m[0;34m)[0m [0;32mor[0m [0mself[0m[0;34m.[0m[0mbreak_here[0m[0;34m([0m[0mframe[0m[0;34m)[0m[0;34m:[0m[0;34m[0m[0;34m[0m[0m
[0;32m--> 112[0;31m             [0mself[0m[0;34m.[0m[0muser_line[0m[0;34m([0m[0mframe[0m[0;34m)[0m[0;34m[0m[0;34m[0m[0m
[0m[1;32m    113[0m             [0;32mif[0m [0mself[0m[0;34m.[0m[0mquitting[0m[0;34m:[0m [0;32mraise[0m [0mBdbQuit[0m[0;34m[0m[0;34m[0m[0m
[1;32m    114[0m         [0;32mreturn[0m [0mself[0m[0;34m.[0m[0mtrace_dispatch[0m[0;34m[0m[0;34m[0m[0m

[0;32m~/anaconda3/lib/python3.7/pdb.py[0m in [0;36muser_line[0;34m(self, frame)[0m
[1;32m    257[0m             [0mself[0m[0;34m.[0m[0m_wait_for_mainpyfile[0m [0;34m=[0m [0;32mFalse[0m[0;34m[0m[0;34m[0m[0m
[1;32m    258[0m         [0;32mif[0m [0mself[0m[0;34m.[0m[0mbp_commands[0m[0;34m([0m[0mframe[0m[0;34m)[0m[0;34m:[0m[0;34m[0m[0;34m[0m[0m
[0;32m--> 259[0;31m             [0mself[0m[0;34m.[0m[0minteraction[0m[0;34m([0m[0mframe[0m[0;34m,[0m [0;32mNone[0m[0;34m)[0m[0;34m[0m[0;34m[0m[0m
[0m[1;32m    260[0m [0;34m[0m[0m
[1;32m    261[0m     [0;32mdef[0m [0mbp_commands[0m[0;34m([0m[0mself[0m[0;34m,[0m [0mframe[0m[0;34m)[0m[0;34m:[0m[0;34m[0m[0;34m[0m[0m

[0;32m~/anaconda3/lib/python3.7/site-packages/IPython/core/debugger.py[0m in [0;36minteraction[0;34m(self, frame, traceback)[0m
[1;32m    310[0m     [0;32mdef[0m [0minteraction[0m[0;34m([0m[0mself[0m[0;34m,[0m [0mframe[0m[0;34m,[0m [0mtraceback[0m[0;34m)[0m[0;34m:[0m[0;34m[0m[0;34m[0m[0m
[1;32m    311[0m         [0;32mtry[0m[0;34m:[0m[0;34m[0m[0;34m[0m[0m
[0;32m--> 312[0;31m             [0mOldPdb[0m[0;34m.[0m[0minteraction[0m[0;34m([0m[0mself[0m[0;34m,[0m [0mframe[0m[0;34m,[0m [0mtraceback[0m[0;34m)[0m[0;34m[0m[0;34m[0m[0m
[0m[1;32m    313[0m         [0;32mexcept[0m [0mKeyboardInterrupt[0m[0;34m:[0m[0;34m[0m[0;34m[0m[0m
[1;32m    314[0m             [0mself[0m[0;34m.[0m[0mstdout[0m[0;34m.[0m[0mwrite[0m[0;34m([0m[0;34m"\n"[0m [0;34m+[0m [0mself[0m[0;34m.[0m[0mshell[0m[0;34m.[0m[0mget_exception_only[0m[0;34m([0m[0;34m)[0m[0;34m)[0m[0;34m[0m[0;34m[0m[0m

[0;32m~/anaconda3/lib/python3.7/pdb.py[0m in [0;36minteraction[0;34m(self, frame, traceback)[0m
[1;32m    348[0m             [0;32mreturn[0m[0;34m[0m[0;34m[0m[0m
[1;32m    349[0m         [0mself[0m[0;34m.[0m[0mprint_stack_entry[0m[0;34m([0m[0mself[0m[0;34m.[0m[0mstack[0m[0;34m[[0m[0mself[0m[0;34m.[0m[0mcurindex[0m[0;34m][0m[0;34m)[0m[0;34m[0m[0;34m[0m[0m
[0;32m--> 350[0;31m         [0mself[0m[0;34m.[0m[0m_cmdloop[0m[0;34m([0m[0;34m)[0m[0;34m[0m[0;34m[0m[0m
[0m[1;32m    351[0m         [0mself[0m[0;34m.[0m[0mforget[0m[0;34m([0m[0;34m)[0m[0;34m[0m[0;34m[0m[0m
[1;32m    352[0m [0;34m[0m[0m

[0;32m~/anaconda3/lib/python3.7/site-packages/IPython/core/debugger.py[0m in [0;36m_cmdloop[0;34m(self)[0m
[1;32m    797[0m                 [0;31m# the current command, so allow them during interactive input[0m[0;34m[0m[0;34m[0m[0;34m[0m[0m
[1;32m    798[0m                 [0mself[0m[0;34m.[0m[0mallow_kbdint[0m [0;34m=[0m [0;32mTrue[0m[0;34m[0m[0;34m[0m[0m
[0;32m--> 799[0;31m                 [0mself[0m[0;34m.[0m[0mcmdloop[0m[0;34m([0m[0;34m)[0m[0;34m[0m[0;34m[0m[0m
[0m[1;32m    800[0m                 [0mself[0m[0;34m.[0m[0mallow_kbdint[0m [0;34m=[0m [0;32mFalse[0m[0;34m[0m[0;34m[0m[0m
[1;32m    801[0m                 [0;32mbreak[0m[0;34m[0m[0;34m[0m[0m

[0;32m~/anaconda3/lib/python3.7/site-packages/IPython/core/debugger.py[0m in [0;36mcmdloop[0;34m(self)[0m
[1;32m    783[0m         [0;34m"""Wrap cmdloop() such that KeyboardInterrupt stops the debugger."""[0m[0;34m[0m[0;34m[0m[0m
[1;32m    784[0m         [0;32mtry[0m[0;34m:[0m[0;34m[0m[0;34m[0m[0m
[0;32m--> 785[0;31m             [0;32mreturn[0m [0mOldPdb[0m[0;34m.[0m[0mcmdloop[0m[0;34m([0m[0mself[0m[0;34m)[0m[0;34m[0m[0;34m[0m[0m
[0m[1;32m    786[0m         [0;32mexcept[0m [0mKeyboardInterrupt[0m[0;34m:[0m[0;34m[0m[0;34m[0m[0m
[1;32m    787[0m             [0mself[0m[0;34m.[0m[0mstop_here[0m [0;34m=[0m [0;32mlambda[0m [0mframe[0m[0;34m:[0m [0;32mFalse[0m[0;34m[0m[0;34m[0m[0m

[0;32m~/anaconda3/lib/python3.7/cmd.py[0m in [0;36mcmdloop[0;34m(self, intro)[0m
[1;32m    124[0m                     [0;32mif[0m [0mself[0m[0;34m.[0m[0muse_rawinput[0m[0;34m:[0m[0;34m[0m[0;34m[0m[0m
[1;32m    125[0m                         [0;32mtry[0m[0;34m:[0m[0;34m[0m[0;34m[0m[0m
[0;32m--> 126[0;31m                             [0mline[0m [0;34m=[0m [0minput[0m[0;34m([0m[0mself[0m[0;34m.[0m[0mprompt[0m[0;34m)[0m[0;34m[0m[0;34m[0m[0m
[0m[1;32m    127[0m                         [0;32mexcept[0m [0mEOFError[0m[0;34m:[0m[0;34m[0m[0;34m[0m[0m
[1;32m    128[0m                             [0mline[0m [0;34m=[0m [0;34m'EOF'[0m[0;34m[0m[0;34m[0m[0m

[0;32m~/anaconda3/lib/python3.7/site-packages/ipykernel/kernelbase.py[0m in [0;36mraw_input[0;34m(self, prompt)[0m
[1;32m    856[0m         [0;32mif[0m [0;32mnot[0m [0mself[0m[0;34m.[0m[0m_allow_stdin[0m[0;34m:[0m[0;34m[0m[0;34m[0m[0m
[1;32m    857[0m             raise StdinNotImplementedError(
[0;32m--> 858[0;31m                 [0;34m"raw_input was called, but this frontend does not support input requests."[0m[0;34m[0m[0;34m[0m[0m
[0m[1;32m    859[0m             )
[1;32m    860[0m         return self._input_request(str(prompt),

[0;31mStdinNotImplementedError[0m: raw_input was called, but this frontend does not support input requests.
StdinNotImplementedError: raw_input was called, but this frontend does not support input requests.

