Traceback (most recent call last):
  File "/home/inma/anaconda3/lib/python3.8/site-packages/jupyter_cache/executors/utils.py", line 51, in single_nb_execution
    executenb(
  File "/home/inma/anaconda3/lib/python3.8/site-packages/nbclient/client.py", line 1087, in execute
    return NotebookClient(nb=nb, resources=resources, km=km, **kwargs).execute()
  File "/home/inma/anaconda3/lib/python3.8/site-packages/nbclient/util.py", line 74, in wrapped
    return just_run(coro(*args, **kwargs))
  File "/home/inma/anaconda3/lib/python3.8/site-packages/nbclient/util.py", line 53, in just_run
    return loop.run_until_complete(coro)
  File "/home/inma/anaconda3/lib/python3.8/asyncio/base_events.py", line 616, in run_until_complete
    return future.result()
  File "/home/inma/anaconda3/lib/python3.8/site-packages/nbclient/client.py", line 540, in async_execute
    await self.async_execute_cell(
  File "/home/inma/anaconda3/lib/python3.8/site-packages/nbclient/client.py", line 832, in async_execute_cell
    self._check_raise_for_error(cell, exec_reply)
  File "/home/inma/anaconda3/lib/python3.8/site-packages/nbclient/client.py", line 740, in _check_raise_for_error
    raise CellExecutionError.from_cell_and_msg(cell, exec_reply['content'])
nbclient.exceptions.CellExecutionError: An error occurred while executing the following cell:
------------------
import pandas as pd 
import numpy as np
import folium
import math
import time
from scipy import stats
pd.options.mode.chained_assignment = None  # default='warn'
from plotnine import ggplot, aes, geom_line, geom_point, geom_bar, geom_boxplot
dataframe = pd.read_csv('/home/ruben/tmp/HH_intro_git_ds/precios_casas_sinduplicados.csv')
dataframe_old = pd.read_csv('/home/ruben/tmp/HH_intro_git_ds/Melbourne_housing_FULL.csv')
import scipy.stats as ss
import matplotlib.pyplot as plot
import seaborn as sb
from seaborn import kdeplot
# Tratamiento de datos
# ==============================================================================
import pandas as pd
import numpy as np

# Gráficos
# ==============================================================================
import matplotlib.pyplot as plt
from matplotlib import style
import seaborn as sns

# Preprocesado y modelado
# ==============================================================================
from scipy.stats import pearsonr
from sklearn.model_selection import train_test_split
from sklearn.metrics import r2_score
from sklearn.metrics import mean_squared_error
import statsmodels.api as sm
import statsmodels.formula.api as smf
from statsmodels.stats.anova import anova_lm
from scipy import stats

# Configuración matplotlib
# ==============================================================================
plt.rcParams['image.cmap'] = "bwr"
#plt.rcParams['figure.dpi'] = "100"
plt.rcParams['savefig.bbox'] = "tight"
style.use('ggplot') or plt.style.use('ggplot')

# Configuración warnings
# ==============================================================================
import warnings

def quartile_skew(x):
  q = x.quantile([.25, .50, .75]) 
  return ((q[0.75] - q[0.5]) - (q[0.5] - q[0.25])) / (q[0.75] - q[0.25])
dataframe['Price']=dataframe_old['Price']

duplicateRowsDF=pd.DataFrame()
duplicateRowsDF = dataframe[dataframe.duplicated(['Suburb', 'Address','Postcode','CouncilArea',],keep=False)]
duplicateRowsDF=duplicateRowsDF.drop_duplicates(subset=['Address','Price','Date'])
duplicateRowsDF=duplicateRowsDF.dropna(subset=['Price'])
dataframe=dataframe.drop_duplicates(subset=['Address','Suburb'], keep=False, ignore_index=True)
dataframe.append(duplicateRowsDF)
dataframe=dataframe.dropna(subset=['Price'])
dataframe=dataframe.reset_index(drop=True)



#dataframe['Price']=dataframe['Price'].replace(0, 1)
print(dataframe)
print(dataframe_old.dtypes)
dataframe['Rooms']=np.sqrt(dataframe['Rooms'])
dataframe['Distance']=np.sqrt(dataframe['Distance'])


dataframe['Longtitude']=dataframe['Longtitude'].replace(0, 1)
dataframe['Distance']=dataframe['Distance'].replace(0, 1)
dataframe['Landsize']=dataframe['Landsize'].replace(0, 1)
dataframe=dataframe[dataframe['Landsize']>0]
dataframe['Longtitude']=dataframe['Longtitude'].replace(0, 1)

dataframe_filtered=pd.DataFrame(dataframe[dataframe["Distance"].notnull()])
print(dataframe_filtered)
dataframe_filtered=dataframe_filtered[dataframe_filtered["Landsize"].notnull()]
dataframe_filtered=dataframe_filtered[dataframe_filtered["Price"].notnull()]
dataframe_filtered=dataframe_filtered[dataframe_filtered['Price']!=np.nan]
dataframe_filtered['Price']=np.sqrt(np.log10(dataframe_filtered['Price'].astype(np.int64)))    
dataframe_filtered=dataframe_filtered[dataframe_filtered['Distance']<40]
dataframe_filtered=dataframe_filtered[dataframe_filtered['Rooms']<10]
dataframe_filtered=dataframe_filtered[dataframe_filtered['Bathroom']<5]
dataframe_filtered['Landsize']=np.log(dataframe_filtered['Landsize'])
dataframe_filtered['Longtitude']=np.log(dataframe_filtered['Longtitude'])
dataframe_filtered['Propertycount']=np.log(dataframe_filtered['Propertycount'])
dataframe_filtered['Propertycount']=np.log(dataframe_filtered['Propertycount'])
dataframe_filtered=dataframe_filtered[dataframe_filtered['Distance']!=np.nan]
dataframe_filtered=dataframe_filtered[dataframe_filtered['Landsize']!=np.nan]
dataframe_filtered=dataframe_filtered[dataframe_filtered['Longtitude']!=np.nan]
dataframe_filtered['BathAndRooms']=(dataframe_filtered["Rooms"]+dataframe_filtered["Bathroom"])/np.sqrt(dataframe_filtered['Distance'])
dataframe_filtered.describe()

------------------

[0;31m---------------------------------------------------------------------------[0m
[0;31mFileNotFoundError[0m                         Traceback (most recent call last)
[0;32m<ipython-input-1-ae920c4e58fb>[0m in [0;36m<module>[0;34m[0m
[1;32m      7[0m [0mpd[0m[0;34m.[0m[0moptions[0m[0;34m.[0m[0mmode[0m[0;34m.[0m[0mchained_assignment[0m [0;34m=[0m [0;32mNone[0m  [0;31m# default='warn'[0m[0;34m[0m[0;34m[0m[0m
[1;32m      8[0m [0;32mfrom[0m [0mplotnine[0m [0;32mimport[0m [0mggplot[0m[0;34m,[0m [0maes[0m[0;34m,[0m [0mgeom_line[0m[0;34m,[0m [0mgeom_point[0m[0;34m,[0m [0mgeom_bar[0m[0;34m,[0m [0mgeom_boxplot[0m[0;34m[0m[0;34m[0m[0m
[0;32m----> 9[0;31m [0mdataframe[0m [0;34m=[0m [0mpd[0m[0;34m.[0m[0mread_csv[0m[0;34m([0m[0;34m'/home/ruben/tmp/HH_intro_git_ds/precios_casas_sinduplicados.csv'[0m[0;34m)[0m[0;34m[0m[0;34m[0m[0m
[0m[1;32m     10[0m [0mdataframe_old[0m [0;34m=[0m [0mpd[0m[0;34m.[0m[0mread_csv[0m[0;34m([0m[0;34m'/home/ruben/tmp/HH_intro_git_ds/Melbourne_housing_FULL.csv'[0m[0;34m)[0m[0;34m[0m[0;34m[0m[0m
[1;32m     11[0m [0;32mimport[0m [0mscipy[0m[0;34m.[0m[0mstats[0m [0;32mas[0m [0mss[0m[0;34m[0m[0;34m[0m[0m

[0;32m~/anaconda3/lib/python3.8/site-packages/pandas/io/parsers.py[0m in [0;36mread_csv[0;34m(filepath_or_buffer, sep, delimiter, header, names, index_col, usecols, squeeze, prefix, mangle_dupe_cols, dtype, engine, converters, true_values, false_values, skipinitialspace, skiprows, skipfooter, nrows, na_values, keep_default_na, na_filter, verbose, skip_blank_lines, parse_dates, infer_datetime_format, keep_date_col, date_parser, dayfirst, cache_dates, iterator, chunksize, compression, thousands, decimal, lineterminator, quotechar, quoting, doublequote, escapechar, comment, encoding, dialect, error_bad_lines, warn_bad_lines, delim_whitespace, low_memory, memory_map, float_precision)[0m
[1;32m    686[0m     )
[1;32m    687[0m [0;34m[0m[0m
[0;32m--> 688[0;31m     [0;32mreturn[0m [0m_read[0m[0;34m([0m[0mfilepath_or_buffer[0m[0;34m,[0m [0mkwds[0m[0;34m)[0m[0;34m[0m[0;34m[0m[0m
[0m[1;32m    689[0m [0;34m[0m[0m
[1;32m    690[0m [0;34m[0m[0m

[0;32m~/anaconda3/lib/python3.8/site-packages/pandas/io/parsers.py[0m in [0;36m_read[0;34m(filepath_or_buffer, kwds)[0m
[1;32m    452[0m [0;34m[0m[0m
[1;32m    453[0m     [0;31m# Create the parser.[0m[0;34m[0m[0;34m[0m[0;34m[0m[0m
[0;32m--> 454[0;31m     [0mparser[0m [0;34m=[0m [0mTextFileReader[0m[0;34m([0m[0mfp_or_buf[0m[0;34m,[0m [0;34m**[0m[0mkwds[0m[0;34m)[0m[0;34m[0m[0;34m[0m[0m
[0m[1;32m    455[0m [0;34m[0m[0m
[1;32m    456[0m     [0;32mif[0m [0mchunksize[0m [0;32mor[0m [0miterator[0m[0;34m:[0m[0;34m[0m[0;34m[0m[0m

[0;32m~/anaconda3/lib/python3.8/site-packages/pandas/io/parsers.py[0m in [0;36m__init__[0;34m(self, f, engine, **kwds)[0m
[1;32m    946[0m             [0mself[0m[0;34m.[0m[0moptions[0m[0;34m[[0m[0;34m"has_index_names"[0m[0;34m][0m [0;34m=[0m [0mkwds[0m[0;34m[[0m[0;34m"has_index_names"[0m[0;34m][0m[0;34m[0m[0;34m[0m[0m
[1;32m    947[0m [0;34m[0m[0m
[0;32m--> 948[0;31m         [0mself[0m[0;34m.[0m[0m_make_engine[0m[0;34m([0m[0mself[0m[0;34m.[0m[0mengine[0m[0;34m)[0m[0;34m[0m[0;34m[0m[0m
[0m[1;32m    949[0m [0;34m[0m[0m
[1;32m    950[0m     [0;32mdef[0m [0mclose[0m[0;34m([0m[0mself[0m[0;34m)[0m[0;34m:[0m[0;34m[0m[0;34m[0m[0m

[0;32m~/anaconda3/lib/python3.8/site-packages/pandas/io/parsers.py[0m in [0;36m_make_engine[0;34m(self, engine)[0m
[1;32m   1178[0m     [0;32mdef[0m [0m_make_engine[0m[0;34m([0m[0mself[0m[0;34m,[0m [0mengine[0m[0;34m=[0m[0;34m"c"[0m[0;34m)[0m[0;34m:[0m[0;34m[0m[0;34m[0m[0m
[1;32m   1179[0m         [0;32mif[0m [0mengine[0m [0;34m==[0m [0;34m"c"[0m[0;34m:[0m[0;34m[0m[0;34m[0m[0m
[0;32m-> 1180[0;31m             [0mself[0m[0;34m.[0m[0m_engine[0m [0;34m=[0m [0mCParserWrapper[0m[0;34m([0m[0mself[0m[0;34m.[0m[0mf[0m[0;34m,[0m [0;34m**[0m[0mself[0m[0;34m.[0m[0moptions[0m[0;34m)[0m[0;34m[0m[0;34m[0m[0m
[0m[1;32m   1181[0m         [0;32melse[0m[0;34m:[0m[0;34m[0m[0;34m[0m[0m
[1;32m   1182[0m             [0;32mif[0m [0mengine[0m [0;34m==[0m [0;34m"python"[0m[0;34m:[0m[0;34m[0m[0;34m[0m[0m

[0;32m~/anaconda3/lib/python3.8/site-packages/pandas/io/parsers.py[0m in [0;36m__init__[0;34m(self, src, **kwds)[0m
[1;32m   2008[0m         [0mkwds[0m[0;34m[[0m[0;34m"usecols"[0m[0;34m][0m [0;34m=[0m [0mself[0m[0;34m.[0m[0musecols[0m[0;34m[0m[0;34m[0m[0m
[1;32m   2009[0m [0;34m[0m[0m
[0;32m-> 2010[0;31m         [0mself[0m[0;34m.[0m[0m_reader[0m [0;34m=[0m [0mparsers[0m[0;34m.[0m[0mTextReader[0m[0;34m([0m[0msrc[0m[0;34m,[0m [0;34m**[0m[0mkwds[0m[0;34m)[0m[0;34m[0m[0;34m[0m[0m
[0m[1;32m   2011[0m         [0mself[0m[0;34m.[0m[0munnamed_cols[0m [0;34m=[0m [0mself[0m[0;34m.[0m[0m_reader[0m[0;34m.[0m[0munnamed_cols[0m[0;34m[0m[0;34m[0m[0m
[1;32m   2012[0m [0;34m[0m[0m

[0;32mpandas/_libs/parsers.pyx[0m in [0;36mpandas._libs.parsers.TextReader.__cinit__[0;34m()[0m

[0;32mpandas/_libs/parsers.pyx[0m in [0;36mpandas._libs.parsers.TextReader._setup_parser_source[0;34m()[0m

[0;31mFileNotFoundError[0m: [Errno 2] No such file or directory: '/home/ruben/tmp/HH_intro_git_ds/precios_casas_sinduplicados.csv'
FileNotFoundError: [Errno 2] No such file or directory: '/home/ruben/tmp/HH_intro_git_ds/precios_casas_sinduplicados.csv'

